 WARN [2020-12-09 22:31:36,899] ({main} ZeppelinConfiguration.java[create]:117) - Failed to load configuration, proceeding with a default
 INFO [2020-12-09 22:31:36,991] ({main} ZeppelinConfiguration.java[create]:129) - Server Host: 0.0.0.0
 INFO [2020-12-09 22:31:36,995] ({main} ZeppelinConfiguration.java[create]:131) - Server Port: 8080
 INFO [2020-12-09 22:31:36,999] ({main} ZeppelinConfiguration.java[create]:135) - Context Path: /
 INFO [2020-12-09 22:31:37,013] ({main} ZeppelinConfiguration.java[create]:136) - Zeppelin Version: 0.8.0
 INFO [2020-12-09 22:31:37,081] ({main} Log.java[initialized]:186) - Logging initialized @948ms
 INFO [2020-12-09 22:31:37,246] ({main} ZeppelinServer.java[setupWebAppContext]:387) - ZeppelinServer Webapp path: /zeppelin/webapps
 INFO [2020-12-09 22:31:37,470] ({main} ZeppelinServer.java[main]:213) - Starting zeppelin server
 INFO [2020-12-09 22:31:37,480] ({main} Server.java[doStart]:327) - jetty-9.2.15.v20160210
 INFO [2020-12-09 22:31:41,137] ({main} StandardDescriptorProcessor.java[visitServlet]:297) - NO JSP Support for /, did not find org.eclipse.jetty.jsp.JettyJspServlet
 WARN [2020-12-09 22:31:41,270] ({main} ServletHolder.java[getNameOfJspClass]:923) - Unable to make identifier for jsp rest trying rest instead
 WARN [2020-12-09 22:31:42,137] ({main} ZeppelinConfiguration.java[getConfigFSDir]:527) - zeppelin.config.fs.dir is not specified, fall back to local conf directory zeppelin.conf.dir
 WARN [2020-12-09 22:31:42,139] ({main} ZeppelinConfiguration.java[getConfigFSDir]:527) - zeppelin.config.fs.dir is not specified, fall back to local conf directory zeppelin.conf.dir
 INFO [2020-12-09 22:31:42,362] ({main} InterpreterSettingManager.java[<init>]:163) - Using RecoveryStorage: org.apache.zeppelin.interpreter.recovery.NullRecoveryStorage
 INFO [2020-12-09 22:31:42,371] ({main} InterpreterSettingManager.java[<init>]:167) - Using LifecycleManager: org.apache.zeppelin.interpreter.lifecycle.NullLifecycleManager
 INFO [2020-12-09 22:31:42,443] ({main} InterpreterSettingManager.java[registerInterpreterSetting]:423) - Register InterpreterSettingTemplate: jdbc
 INFO [2020-12-09 22:31:42,453] ({main} InterpreterSettingManager.java[registerInterpreterSetting]:423) - Register InterpreterSettingTemplate: alluxio
 INFO [2020-12-09 22:31:42,464] ({main} InterpreterSettingManager.java[registerInterpreterSetting]:423) - Register InterpreterSettingTemplate: cassandra
 INFO [2020-12-09 22:31:42,475] ({main} InterpreterSettingManager.java[registerInterpreterSetting]:423) - Register InterpreterSettingTemplate: spark
 INFO [2020-12-09 22:31:42,480] ({main} InterpreterSettingManager.java[registerInterpreterSetting]:423) - Register InterpreterSettingTemplate: python
 WARN [2020-12-09 22:31:42,571] ({main} InterpreterSettingManager.java[init]:329) - No interpreter-setting.json found in /zeppelin/interpreter/scio
 INFO [2020-12-09 22:31:42,581] ({main} InterpreterSettingManager.java[registerInterpreterSetting]:423) - Register InterpreterSettingTemplate: neo4j
 INFO [2020-12-09 22:31:42,586] ({main} InterpreterSettingManager.java[registerInterpreterSetting]:423) - Register InterpreterSettingTemplate: sap
 INFO [2020-12-09 22:31:42,592] ({main} InterpreterSettingManager.java[registerInterpreterSetting]:423) - Register InterpreterSettingTemplate: angular
 INFO [2020-12-09 22:31:42,597] ({main} InterpreterSettingManager.java[registerInterpreterSetting]:423) - Register InterpreterSettingTemplate: bigquery
 INFO [2020-12-09 22:31:42,600] ({main} InterpreterSettingManager.java[registerInterpreterSetting]:423) - Register InterpreterSettingTemplate: elasticsearch
 INFO [2020-12-09 22:31:42,604] ({main} InterpreterSettingManager.java[registerInterpreterSetting]:423) - Register InterpreterSettingTemplate: lens
 INFO [2020-12-09 22:31:42,608] ({main} InterpreterSettingManager.java[registerInterpreterSetting]:423) - Register InterpreterSettingTemplate: sh
 INFO [2020-12-09 22:31:42,613] ({main} InterpreterSettingManager.java[registerInterpreterSetting]:423) - Register InterpreterSettingTemplate: groovy
 INFO [2020-12-09 22:31:42,616] ({main} InterpreterSettingManager.java[registerInterpreterSetting]:423) - Register InterpreterSettingTemplate: flink
 INFO [2020-12-09 22:31:42,623] ({main} InterpreterSettingManager.java[registerInterpreterSetting]:423) - Register InterpreterSettingTemplate: livy
 INFO [2020-12-09 22:31:42,627] ({main} InterpreterSettingManager.java[registerInterpreterSetting]:423) - Register InterpreterSettingTemplate: md
 WARN [2020-12-09 22:31:42,630] ({main} InterpreterSettingManager.java[init]:329) - No interpreter-setting.json found in /zeppelin/interpreter/lib
 WARN [2020-12-09 22:31:42,635] ({main} InterpreterSettingManager.java[init]:329) - No interpreter-setting.json found in /zeppelin/interpreter/${interpreter.name}
 INFO [2020-12-09 22:31:42,639] ({main} InterpreterSettingManager.java[registerInterpreterSetting]:423) - Register InterpreterSettingTemplate: pig
 INFO [2020-12-09 22:31:42,643] ({main} InterpreterSettingManager.java[registerInterpreterSetting]:423) - Register InterpreterSettingTemplate: ignite
 INFO [2020-12-09 22:31:42,646] ({main} InterpreterSettingManager.java[registerInterpreterSetting]:423) - Register InterpreterSettingTemplate: hbase
 INFO [2020-12-09 22:31:42,649] ({main} InterpreterSettingManager.java[registerInterpreterSetting]:423) - Register InterpreterSettingTemplate: kylin
 INFO [2020-12-09 22:31:42,654] ({main} InterpreterSettingManager.java[registerInterpreterSetting]:423) - Register InterpreterSettingTemplate: file
 WARN [2020-12-09 22:31:42,656] ({main} LocalConfigStorage.java[loadInterpreterSettings]:60) - Interpreter Setting file /zeppelin/conf/interpreter.json is not existed
 INFO [2020-12-09 22:31:42,700] ({main} LocalConfigStorage.java[save]:53) - Save Interpreter Setting to /zeppelin/conf/interpreter.json
 INFO [2020-12-09 22:31:42,926] ({main} VfsLog.java[info]:138) - Using "/tmp/vfs_cache" as temporary files store.
 INFO [2020-12-09 22:31:43,043] ({main} GitNotebookRepo.java[<init>]:64) - Opening a git repo at '/zeppelin/notebook'
 INFO [2020-12-09 22:31:43,250] ({main} GitNotebookRepo.java[<init>]:67) - Git repo /zeppelin/notebook/.git does not exist, creating a new one
 INFO [2020-12-09 22:31:43,423] ({main} NotebookRepoSync.java[<init>]:77) - Instantiate NotebookRepo: org.apache.zeppelin.notebook.repo.GitNotebookRepo
 WARN [2020-12-09 22:31:43,741] ({main} NotebookAuthorization.java[getInstance]:86) - Notebook authorization module was called without initialization, initializing with default configuration
 WARN [2020-12-09 22:31:43,743] ({main} LocalConfigStorage.java[loadNotebookAuthorization]:77) - NotebookAuthorization file /zeppelin/conf/notebook-authorization.json is not existed
 INFO [2020-12-09 22:31:43,746] ({main} Credentials.java[loadFromFile]:121) - /zeppelin/conf/credentials.json
 INFO [2020-12-09 22:31:43,816] ({main} StdSchedulerFactory.java[instantiate]:1184) - Using default implementation for ThreadExecutor
 INFO [2020-12-09 22:31:43,824] ({main} SimpleThreadPool.java[initialize]:268) - Job execution threads will use class loader of thread: main
 INFO [2020-12-09 22:31:43,855] ({main} SchedulerSignalerImpl.java[<init>]:61) - Initialized Scheduler Signaller of type: class org.quartz.core.SchedulerSignalerImpl
 INFO [2020-12-09 22:31:43,859] ({main} QuartzScheduler.java[<init>]:240) - Quartz Scheduler v.2.2.1 created.
 INFO [2020-12-09 22:31:43,861] ({main} RAMJobStore.java[initialize]:155) - RAMJobStore initialized.
 INFO [2020-12-09 22:31:43,863] ({main} QuartzScheduler.java[initialize]:305) - Scheduler meta-data: Quartz Scheduler (v2.2.1) 'DefaultQuartzScheduler' with instanceId 'NON_CLUSTERED'
  Scheduler class: 'org.quartz.core.QuartzScheduler' - running locally.
  NOT STARTED.
  Currently in standby mode.
  Number of jobs executed: 0
  Using thread pool 'org.quartz.simpl.SimpleThreadPool' - with 10 threads.
  Using job-store 'org.quartz.simpl.RAMJobStore' - which does not support persistence. and is not clustered.

 INFO [2020-12-09 22:31:43,864] ({main} StdSchedulerFactory.java[instantiate]:1339) - Quartz scheduler 'DefaultQuartzScheduler' initialized from default resource file in Quartz package: 'quartz.properties'
 INFO [2020-12-09 22:31:43,865] ({main} StdSchedulerFactory.java[instantiate]:1343) - Quartz scheduler version: 2.2.1
 INFO [2020-12-09 22:31:43,866] ({main} QuartzScheduler.java[start]:575) - Scheduler DefaultQuartzScheduler_$_NON_CLUSTERED started.
 INFO [2020-12-09 22:31:43,872] ({main} Notebook.java[<init>]:126) - Notebook indexing started...
 INFO [2020-12-09 22:31:43,908] ({main} LuceneSearch.java[addIndexDocs]:305) - Indexing 0 notebooks took 34ms
 INFO [2020-12-09 22:31:43,910] ({main} Notebook.java[<init>]:128) - Notebook indexing finished: 0 indexed in 0s
 INFO [2020-12-09 22:31:43,914] ({main} Helium.java[loadConf]:103) - Add helium local registry /zeppelin/helium
 INFO [2020-12-09 22:31:43,916] ({main} Helium.java[loadConf]:100) - Add helium online registry https://s3.amazonaws.com/helium-package/helium.json
 WARN [2020-12-09 22:31:43,924] ({main} Helium.java[loadConf]:111) - /zeppelin/conf/helium.json does not exists
 INFO [2020-12-09 22:31:46,392] ({main} ContextHandler.java[doStart]:744) - Started o.e.j.w.WebAppContext@70beb599{/,file:/zeppelin/webapps/webapp/,AVAILABLE}{/zeppelin/zeppelin-web-0.8.0.war}
 INFO [2020-12-09 22:31:46,416] ({main} AbstractConnector.java[doStart]:266) - Started ServerConnector@62573c86{HTTP/1.1}{0.0.0.0:8080}
 INFO [2020-12-09 22:31:46,417] ({main} Server.java[doStart]:379) - Started @10327ms
 INFO [2020-12-09 22:31:46,418] ({main} ZeppelinServer.java[main]:223) - Done, zeppelin server started
 INFO [2020-12-09 22:32:47,451] ({qtp1458849419-16} NotebookServer.java[onOpen]:150) - New connection from 172.27.0.1 : 48672
 WARN [2020-12-09 22:32:52,044] ({qtp1458849419-14} InterpreterSettingManager.java[compare]:884) - InterpreterGroup sap is not specified in zeppelin.interpreter.group.order
 WARN [2020-12-09 22:32:52,048] ({qtp1458849419-14} InterpreterSettingManager.java[compare]:884) - InterpreterGroup sap is not specified in zeppelin.interpreter.group.order
 WARN [2020-12-09 22:32:52,050] ({qtp1458849419-14} InterpreterSettingManager.java[compare]:890) - InterpreterGroup sap is not specified in zeppelin.interpreter.group.order
 WARN [2020-12-09 22:32:52,051] ({qtp1458849419-14} InterpreterSettingManager.java[compare]:890) - InterpreterGroup sap is not specified in zeppelin.interpreter.group.order
 WARN [2020-12-09 22:32:52,052] ({qtp1458849419-14} InterpreterSettingManager.java[compare]:890) - InterpreterGroup sap is not specified in zeppelin.interpreter.group.order
 WARN [2020-12-09 22:32:54,385] ({qtp1458849419-18} InterpreterSettingManager.java[compare]:884) - InterpreterGroup sap is not specified in zeppelin.interpreter.group.order
 WARN [2020-12-09 22:32:54,387] ({qtp1458849419-18} InterpreterSettingManager.java[compare]:884) - InterpreterGroup sap is not specified in zeppelin.interpreter.group.order
 WARN [2020-12-09 22:32:54,388] ({qtp1458849419-18} InterpreterSettingManager.java[compare]:890) - InterpreterGroup sap is not specified in zeppelin.interpreter.group.order
 WARN [2020-12-09 22:32:54,390] ({qtp1458849419-18} InterpreterSettingManager.java[compare]:890) - InterpreterGroup sap is not specified in zeppelin.interpreter.group.order
 WARN [2020-12-09 22:32:54,391] ({qtp1458849419-18} InterpreterSettingManager.java[compare]:890) - InterpreterGroup sap is not specified in zeppelin.interpreter.group.order
 INFO [2020-12-09 22:32:54,397] ({qtp1458849419-18} LocalConfigStorage.java[save]:53) - Save Interpreter Setting to /zeppelin/conf/interpreter.json
 INFO [2020-12-09 22:32:54,730] ({qtp1458849419-18} VFSNotebookRepo.java[save]:196) - Saving note:2FR6PUBSH
 INFO [2020-12-09 22:32:54,786] ({qtp1458849419-18} FolderView.java[onNoteNameChanged]:205) - Note name changed: 2FR6PUBSH -> Untitled Note 1
 INFO [2020-12-09 22:32:54,788] ({qtp1458849419-18} FolderView.java[createFolder]:107) - Create folder /
 INFO [2020-12-09 22:32:54,789] ({qtp1458849419-18} Folder.java[setParent]:169) - Set parent of / to /
 INFO [2020-12-09 22:32:54,790] ({qtp1458849419-18} Folder.java[addNote]:185) - Add note 2FR6PUBSH to folder /
 INFO [2020-12-09 22:32:54,796] ({qtp1458849419-18} VFSNotebookRepo.java[save]:196) - Saving note:2FR6PUBSH
 INFO [2020-12-09 22:32:54,870] ({qtp1458849419-18} NotebookServer.java[sendNote]:814) - New operation from 172.27.0.1 : 48672 : anonymous : GET_NOTE : 2FR6PUBSH
 WARN [2020-12-09 22:32:55,001] ({qtp1458849419-18} GitNotebookRepo.java[revisionHistory]:158) - No Head found for 2FR6PUBSH, No HEAD exists and no explicit starting revision was specified
 WARN [2020-12-09 22:32:55,006] ({qtp1458849419-18} InterpreterSettingManager.java[compare]:884) - InterpreterGroup sap is not specified in zeppelin.interpreter.group.order
 WARN [2020-12-09 22:32:55,008] ({qtp1458849419-18} InterpreterSettingManager.java[compare]:884) - InterpreterGroup sap is not specified in zeppelin.interpreter.group.order
 WARN [2020-12-09 22:32:55,009] ({qtp1458849419-18} InterpreterSettingManager.java[compare]:890) - InterpreterGroup sap is not specified in zeppelin.interpreter.group.order
 WARN [2020-12-09 22:32:55,011] ({qtp1458849419-18} InterpreterSettingManager.java[compare]:890) - InterpreterGroup sap is not specified in zeppelin.interpreter.group.order
 WARN [2020-12-09 22:32:55,012] ({qtp1458849419-18} InterpreterSettingManager.java[compare]:890) - InterpreterGroup sap is not specified in zeppelin.interpreter.group.order
 INFO [2020-12-09 22:32:55,014] ({qtp1458849419-18} InterpreterSetting.java[getOrCreateInterpreterGroup]:419) - Create InterpreterGroup with groupId: spark:shared_process for user: anonymous and note: 2FR6PUBSH
 INFO [2020-12-09 22:32:55,026] ({qtp1458849419-18} InterpreterSetting.java[createInterpreters]:689) - Interpreter org.apache.zeppelin.spark.SparkInterpreter created for user: anonymous, sessionId: shared_session
 INFO [2020-12-09 22:32:55,033] ({qtp1458849419-18} InterpreterSetting.java[createInterpreters]:689) - Interpreter org.apache.zeppelin.spark.SparkSqlInterpreter created for user: anonymous, sessionId: shared_session
 INFO [2020-12-09 22:32:55,034] ({qtp1458849419-18} InterpreterSetting.java[createInterpreters]:689) - Interpreter org.apache.zeppelin.spark.DepInterpreter created for user: anonymous, sessionId: shared_session
 INFO [2020-12-09 22:32:55,036] ({qtp1458849419-18} InterpreterSetting.java[createInterpreters]:689) - Interpreter org.apache.zeppelin.spark.PySparkInterpreter created for user: anonymous, sessionId: shared_session
 INFO [2020-12-09 22:32:55,038] ({qtp1458849419-18} InterpreterSetting.java[createInterpreters]:689) - Interpreter org.apache.zeppelin.spark.IPySparkInterpreter created for user: anonymous, sessionId: shared_session
 INFO [2020-12-09 22:32:55,039] ({qtp1458849419-18} InterpreterSetting.java[createInterpreters]:689) - Interpreter org.apache.zeppelin.spark.SparkRInterpreter created for user: anonymous, sessionId: shared_session
 INFO [2020-12-09 22:32:55,041] ({qtp1458849419-18} ManagedInterpreterGroup.java[getOrCreateSession]:158) - Create Session: shared_session in InterpreterGroup: spark:shared_process for user: anonymous
 INFO [2020-12-09 22:32:58,225] ({qtp1458849419-14} NotebookServer.java[broadcastNewParagraph]:674) - Broadcasting paragraph on run call instead of note.
 INFO [2020-12-09 22:32:58,279] ({qtp1458849419-14} VFSNotebookRepo.java[save]:196) - Saving note:2FR6PUBSH
 INFO [2020-12-09 22:32:58,312] ({pool-2-thread-2} SchedulerFactory.java[jobStarted]:109) - Job 20201209-223254_448844614 started by scheduler org.apache.zeppelin.interpreter.remote.RemoteInterpreter-spark:shared_process-shared_session
 INFO [2020-12-09 22:32:58,315] ({pool-2-thread-2} Paragraph.java[jobRun]:380) - Run paragraph [paragraph_id: 20201209-223254_448844614, interpreter: , note_id: 2FR6PUBSH, user: anonymous]
 INFO [2020-12-09 22:32:58,316] ({pool-2-thread-2} ManagedInterpreterGroup.java[getOrCreateInterpreterProcess]:61) - Create InterpreterProcess for InterpreterGroup: spark:shared_process
 INFO [2020-12-09 22:32:58,319] ({pool-2-thread-2} ShellScriptLauncher.java[launch]:48) - Launching Interpreter: spark
ERROR [2020-12-09 22:32:58,344] ({pool-2-thread-2} Job.java[run]:190) - Job failed
java.lang.RuntimeException: SPARK_HOME is not specified in interpreter-setting for non-local mode, if you specify it in zeppelin-env.sh, please move that into  interpreter setting
	at org.apache.zeppelin.interpreter.launcher.SparkInterpreterLauncher.setupPropertiesForSparkR(SparkInterpreterLauncher.java:151)
	at org.apache.zeppelin.interpreter.launcher.SparkInterpreterLauncher.buildEnvFromProperties(SparkInterpreterLauncher.java:58)
	at org.apache.zeppelin.interpreter.launcher.ShellScriptLauncher.launch(ShellScriptLauncher.java:87)
	at org.apache.zeppelin.interpreter.InterpreterSetting.createInterpreterProcess(InterpreterSetting.java:715)
	at org.apache.zeppelin.interpreter.ManagedInterpreterGroup.getOrCreateInterpreterProcess(ManagedInterpreterGroup.java:62)
	at org.apache.zeppelin.interpreter.remote.RemoteInterpreter.getOrCreateInterpreterProcess(RemoteInterpreter.java:111)
	at org.apache.zeppelin.interpreter.remote.RemoteInterpreter.internal_create(RemoteInterpreter.java:164)
	at org.apache.zeppelin.interpreter.remote.RemoteInterpreter.open(RemoteInterpreter.java:132)
	at org.apache.zeppelin.interpreter.remote.RemoteInterpreter.getFormType(RemoteInterpreter.java:299)
	at org.apache.zeppelin.notebook.Paragraph.jobRun(Paragraph.java:407)
	at org.apache.zeppelin.scheduler.Job.run(Job.java:188)
	at org.apache.zeppelin.scheduler.RemoteScheduler$JobRunner.run(RemoteScheduler.java:307)
	at java.util.concurrent.Executors$RunnableAdapter.call(Executors.java:511)
	at java.util.concurrent.FutureTask.run(FutureTask.java:266)
	at java.util.concurrent.ScheduledThreadPoolExecutor$ScheduledFutureTask.access$201(ScheduledThreadPoolExecutor.java:180)
	at java.util.concurrent.ScheduledThreadPoolExecutor$ScheduledFutureTask.run(ScheduledThreadPoolExecutor.java:293)
	at java.util.concurrent.ThreadPoolExecutor.runWorker(ThreadPoolExecutor.java:1149)
	at java.util.concurrent.ThreadPoolExecutor$Worker.run(ThreadPoolExecutor.java:624)
	at java.lang.Thread.run(Thread.java:748)
ERROR [2020-12-09 22:32:58,362] ({pool-2-thread-2} NotebookServer.java[afterStatusChange]:2294) - Error
java.lang.RuntimeException: SPARK_HOME is not specified in interpreter-setting for non-local mode, if you specify it in zeppelin-env.sh, please move that into  interpreter setting
	at org.apache.zeppelin.interpreter.launcher.SparkInterpreterLauncher.setupPropertiesForSparkR(SparkInterpreterLauncher.java:151)
	at org.apache.zeppelin.interpreter.launcher.SparkInterpreterLauncher.buildEnvFromProperties(SparkInterpreterLauncher.java:58)
	at org.apache.zeppelin.interpreter.launcher.ShellScriptLauncher.launch(ShellScriptLauncher.java:87)
	at org.apache.zeppelin.interpreter.InterpreterSetting.createInterpreterProcess(InterpreterSetting.java:715)
	at org.apache.zeppelin.interpreter.ManagedInterpreterGroup.getOrCreateInterpreterProcess(ManagedInterpreterGroup.java:62)
	at org.apache.zeppelin.interpreter.remote.RemoteInterpreter.getOrCreateInterpreterProcess(RemoteInterpreter.java:111)
	at org.apache.zeppelin.interpreter.remote.RemoteInterpreter.internal_create(RemoteInterpreter.java:164)
	at org.apache.zeppelin.interpreter.remote.RemoteInterpreter.open(RemoteInterpreter.java:132)
	at org.apache.zeppelin.interpreter.remote.RemoteInterpreter.getFormType(RemoteInterpreter.java:299)
	at org.apache.zeppelin.notebook.Paragraph.jobRun(Paragraph.java:407)
	at org.apache.zeppelin.scheduler.Job.run(Job.java:188)
	at org.apache.zeppelin.scheduler.RemoteScheduler$JobRunner.run(RemoteScheduler.java:307)
	at java.util.concurrent.Executors$RunnableAdapter.call(Executors.java:511)
	at java.util.concurrent.FutureTask.run(FutureTask.java:266)
	at java.util.concurrent.ScheduledThreadPoolExecutor$ScheduledFutureTask.access$201(ScheduledThreadPoolExecutor.java:180)
	at java.util.concurrent.ScheduledThreadPoolExecutor$ScheduledFutureTask.run(ScheduledThreadPoolExecutor.java:293)
	at java.util.concurrent.ThreadPoolExecutor.runWorker(ThreadPoolExecutor.java:1149)
	at java.util.concurrent.ThreadPoolExecutor$Worker.run(ThreadPoolExecutor.java:624)
	at java.lang.Thread.run(Thread.java:748)
 WARN [2020-12-09 22:32:58,364] ({pool-2-thread-2} NotebookServer.java[afterStatusChange]:2302) - Job 20201209-223254_448844614 is finished, status: ERROR, exception: java.lang.RuntimeException: SPARK_HOME is not specified in interpreter-setting for non-local mode, if you specify it in zeppelin-env.sh, please move that into  interpreter setting, result: %text java.lang.RuntimeException: SPARK_HOME is not specified in interpreter-setting for non-local mode, if you specify it in zeppelin-env.sh, please move that into  interpreter setting
	at org.apache.zeppelin.interpreter.launcher.SparkInterpreterLauncher.setupPropertiesForSparkR(SparkInterpreterLauncher.java:151)
	at org.apache.zeppelin.interpreter.launcher.SparkInterpreterLauncher.buildEnvFromProperties(SparkInterpreterLauncher.java:58)
	at org.apache.zeppelin.interpreter.launcher.ShellScriptLauncher.launch(ShellScriptLauncher.java:87)
	at org.apache.zeppelin.interpreter.InterpreterSetting.createInterpreterProcess(InterpreterSetting.java:715)
	at org.apache.zeppelin.interpreter.ManagedInterpreterGroup.getOrCreateInterpreterProcess(ManagedInterpreterGroup.java:62)
	at org.apache.zeppelin.interpreter.remote.RemoteInterpreter.getOrCreateInterpreterProcess(RemoteInterpreter.java:111)
	at org.apache.zeppelin.interpreter.remote.RemoteInterpreter.internal_create(RemoteInterpreter.java:164)
	at org.apache.zeppelin.interpreter.remote.RemoteInterpreter.open(RemoteInterpreter.java:132)
	at org.apache.zeppelin.interpreter.remote.RemoteInterpreter.getFormType(RemoteInterpreter.java:299)
	at org.apache.zeppelin.notebook.Paragraph.jobRun(Paragraph.java:407)
	at org.apache.zeppelin.scheduler.Job.run(Job.java:188)
	at org.apache.zeppelin.scheduler.RemoteScheduler$JobRunner.run(RemoteScheduler.java:307)
	at java.util.concurrent.Executors$RunnableAdapter.call(Executors.java:511)
	at java.util.concurrent.FutureTask.run(FutureTask.java:266)
	at java.util.concurrent.ScheduledThreadPoolExecutor$ScheduledFutureTask.access$201(ScheduledThreadPoolExecutor.java:180)
	at java.util.concurrent.ScheduledThreadPoolExecutor$ScheduledFutureTask.run(ScheduledThreadPoolExecutor.java:293)
	at java.util.concurrent.ThreadPoolExecutor.runWorker(ThreadPoolExecutor.java:1149)
	at java.util.concurrent.ThreadPoolExecutor$Worker.run(ThreadPoolExecutor.java:624)
	at java.lang.Thread.run(Thread.java:748)

 INFO [2020-12-09 22:32:58,380] ({pool-2-thread-2} VFSNotebookRepo.java[save]:196) - Saving note:2FR6PUBSH
 INFO [2020-12-09 22:32:58,395] ({pool-2-thread-2} SchedulerFactory.java[jobFinished]:115) - Job 20201209-223254_448844614 finished by scheduler org.apache.zeppelin.interpreter.remote.RemoteInterpreter-spark:shared_process-shared_session
 WARN [2020-12-09 22:34:13,538] ({qtp1458849419-14} InterpreterSettingManager.java[compare]:884) - InterpreterGroup sap is not specified in zeppelin.interpreter.group.order
 WARN [2020-12-09 22:34:13,542] ({qtp1458849419-14} InterpreterSettingManager.java[compare]:884) - InterpreterGroup sap is not specified in zeppelin.interpreter.group.order
 WARN [2020-12-09 22:34:13,545] ({qtp1458849419-14} InterpreterSettingManager.java[compare]:890) - InterpreterGroup sap is not specified in zeppelin.interpreter.group.order
 WARN [2020-12-09 22:34:13,547] ({qtp1458849419-14} InterpreterSettingManager.java[compare]:890) - InterpreterGroup sap is not specified in zeppelin.interpreter.group.order
 WARN [2020-12-09 22:34:13,548] ({qtp1458849419-14} InterpreterSettingManager.java[compare]:890) - InterpreterGroup sap is not specified in zeppelin.interpreter.group.order
 INFO [2020-12-09 22:34:43,952] ({qtp1458849419-42} NotebookServer.java[sendNote]:814) - New operation from 172.27.0.1 : 48672 : anonymous : GET_NOTE : 2FR6PUBSH
 WARN [2020-12-09 22:34:43,972] ({qtp1458849419-42} GitNotebookRepo.java[revisionHistory]:158) - No Head found for 2FR6PUBSH, No HEAD exists and no explicit starting revision was specified
 WARN [2020-12-09 22:34:44,001] ({qtp1458849419-18} InterpreterSettingManager.java[compare]:884) - InterpreterGroup sap is not specified in zeppelin.interpreter.group.order
 WARN [2020-12-09 22:34:44,005] ({qtp1458849419-18} InterpreterSettingManager.java[compare]:884) - InterpreterGroup sap is not specified in zeppelin.interpreter.group.order
 WARN [2020-12-09 22:34:44,007] ({qtp1458849419-18} InterpreterSettingManager.java[compare]:890) - InterpreterGroup sap is not specified in zeppelin.interpreter.group.order
 WARN [2020-12-09 22:34:44,008] ({qtp1458849419-18} InterpreterSettingManager.java[compare]:890) - InterpreterGroup sap is not specified in zeppelin.interpreter.group.order
 WARN [2020-12-09 22:34:44,009] ({qtp1458849419-18} InterpreterSettingManager.java[compare]:890) - InterpreterGroup sap is not specified in zeppelin.interpreter.group.order
 INFO [2020-12-09 22:34:59,224] ({qtp1458849419-14} VFSNotebookRepo.java[save]:196) - Saving note:2FR6PUBSH
 INFO [2020-12-09 22:34:59,241] ({pool-2-thread-2} SchedulerFactory.java[jobStarted]:109) - Job 20201209-223254_448844614 started by scheduler org.apache.zeppelin.interpreter.remote.RemoteInterpreter-spark:shared_process-shared_session
 INFO [2020-12-09 22:34:59,244] ({pool-2-thread-2} Paragraph.java[jobRun]:380) - Run paragraph [paragraph_id: 20201209-223254_448844614, interpreter: , note_id: 2FR6PUBSH, user: anonymous]
 INFO [2020-12-09 22:34:59,245] ({pool-2-thread-2} ManagedInterpreterGroup.java[getOrCreateInterpreterProcess]:61) - Create InterpreterProcess for InterpreterGroup: spark:shared_process
 INFO [2020-12-09 22:34:59,246] ({pool-2-thread-2} ShellScriptLauncher.java[launch]:48) - Launching Interpreter: spark
ERROR [2020-12-09 22:34:59,249] ({pool-2-thread-2} Job.java[run]:190) - Job failed
java.lang.RuntimeException: SPARK_HOME is not specified in interpreter-setting for non-local mode, if you specify it in zeppelin-env.sh, please move that into  interpreter setting
	at org.apache.zeppelin.interpreter.launcher.SparkInterpreterLauncher.setupPropertiesForSparkR(SparkInterpreterLauncher.java:151)
	at org.apache.zeppelin.interpreter.launcher.SparkInterpreterLauncher.buildEnvFromProperties(SparkInterpreterLauncher.java:58)
	at org.apache.zeppelin.interpreter.launcher.ShellScriptLauncher.launch(ShellScriptLauncher.java:87)
	at org.apache.zeppelin.interpreter.InterpreterSetting.createInterpreterProcess(InterpreterSetting.java:715)
	at org.apache.zeppelin.interpreter.ManagedInterpreterGroup.getOrCreateInterpreterProcess(ManagedInterpreterGroup.java:62)
	at org.apache.zeppelin.interpreter.remote.RemoteInterpreter.getOrCreateInterpreterProcess(RemoteInterpreter.java:111)
	at org.apache.zeppelin.interpreter.remote.RemoteInterpreter.internal_create(RemoteInterpreter.java:164)
	at org.apache.zeppelin.interpreter.remote.RemoteInterpreter.open(RemoteInterpreter.java:132)
	at org.apache.zeppelin.interpreter.remote.RemoteInterpreter.getFormType(RemoteInterpreter.java:299)
	at org.apache.zeppelin.notebook.Paragraph.jobRun(Paragraph.java:407)
	at org.apache.zeppelin.scheduler.Job.run(Job.java:188)
	at org.apache.zeppelin.scheduler.RemoteScheduler$JobRunner.run(RemoteScheduler.java:307)
	at java.util.concurrent.Executors$RunnableAdapter.call(Executors.java:511)
	at java.util.concurrent.FutureTask.run(FutureTask.java:266)
	at java.util.concurrent.ScheduledThreadPoolExecutor$ScheduledFutureTask.access$201(ScheduledThreadPoolExecutor.java:180)
	at java.util.concurrent.ScheduledThreadPoolExecutor$ScheduledFutureTask.run(ScheduledThreadPoolExecutor.java:293)
	at java.util.concurrent.ThreadPoolExecutor.runWorker(ThreadPoolExecutor.java:1149)
	at java.util.concurrent.ThreadPoolExecutor$Worker.run(ThreadPoolExecutor.java:624)
	at java.lang.Thread.run(Thread.java:748)
ERROR [2020-12-09 22:34:59,254] ({pool-2-thread-2} NotebookServer.java[afterStatusChange]:2294) - Error
java.lang.RuntimeException: SPARK_HOME is not specified in interpreter-setting for non-local mode, if you specify it in zeppelin-env.sh, please move that into  interpreter setting
	at org.apache.zeppelin.interpreter.launcher.SparkInterpreterLauncher.setupPropertiesForSparkR(SparkInterpreterLauncher.java:151)
	at org.apache.zeppelin.interpreter.launcher.SparkInterpreterLauncher.buildEnvFromProperties(SparkInterpreterLauncher.java:58)
	at org.apache.zeppelin.interpreter.launcher.ShellScriptLauncher.launch(ShellScriptLauncher.java:87)
	at org.apache.zeppelin.interpreter.InterpreterSetting.createInterpreterProcess(InterpreterSetting.java:715)
	at org.apache.zeppelin.interpreter.ManagedInterpreterGroup.getOrCreateInterpreterProcess(ManagedInterpreterGroup.java:62)
	at org.apache.zeppelin.interpreter.remote.RemoteInterpreter.getOrCreateInterpreterProcess(RemoteInterpreter.java:111)
	at org.apache.zeppelin.interpreter.remote.RemoteInterpreter.internal_create(RemoteInterpreter.java:164)
	at org.apache.zeppelin.interpreter.remote.RemoteInterpreter.open(RemoteInterpreter.java:132)
	at org.apache.zeppelin.interpreter.remote.RemoteInterpreter.getFormType(RemoteInterpreter.java:299)
	at org.apache.zeppelin.notebook.Paragraph.jobRun(Paragraph.java:407)
	at org.apache.zeppelin.scheduler.Job.run(Job.java:188)
	at org.apache.zeppelin.scheduler.RemoteScheduler$JobRunner.run(RemoteScheduler.java:307)
	at java.util.concurrent.Executors$RunnableAdapter.call(Executors.java:511)
	at java.util.concurrent.FutureTask.run(FutureTask.java:266)
	at java.util.concurrent.ScheduledThreadPoolExecutor$ScheduledFutureTask.access$201(ScheduledThreadPoolExecutor.java:180)
	at java.util.concurrent.ScheduledThreadPoolExecutor$ScheduledFutureTask.run(ScheduledThreadPoolExecutor.java:293)
	at java.util.concurrent.ThreadPoolExecutor.runWorker(ThreadPoolExecutor.java:1149)
	at java.util.concurrent.ThreadPoolExecutor$Worker.run(ThreadPoolExecutor.java:624)
	at java.lang.Thread.run(Thread.java:748)
 WARN [2020-12-09 22:34:59,255] ({pool-2-thread-2} NotebookServer.java[afterStatusChange]:2302) - Job 20201209-223254_448844614 is finished, status: ERROR, exception: java.lang.RuntimeException: SPARK_HOME is not specified in interpreter-setting for non-local mode, if you specify it in zeppelin-env.sh, please move that into  interpreter setting, result: %text java.lang.RuntimeException: SPARK_HOME is not specified in interpreter-setting for non-local mode, if you specify it in zeppelin-env.sh, please move that into  interpreter setting
	at org.apache.zeppelin.interpreter.launcher.SparkInterpreterLauncher.setupPropertiesForSparkR(SparkInterpreterLauncher.java:151)
	at org.apache.zeppelin.interpreter.launcher.SparkInterpreterLauncher.buildEnvFromProperties(SparkInterpreterLauncher.java:58)
	at org.apache.zeppelin.interpreter.launcher.ShellScriptLauncher.launch(ShellScriptLauncher.java:87)
	at org.apache.zeppelin.interpreter.InterpreterSetting.createInterpreterProcess(InterpreterSetting.java:715)
	at org.apache.zeppelin.interpreter.ManagedInterpreterGroup.getOrCreateInterpreterProcess(ManagedInterpreterGroup.java:62)
	at org.apache.zeppelin.interpreter.remote.RemoteInterpreter.getOrCreateInterpreterProcess(RemoteInterpreter.java:111)
	at org.apache.zeppelin.interpreter.remote.RemoteInterpreter.internal_create(RemoteInterpreter.java:164)
	at org.apache.zeppelin.interpreter.remote.RemoteInterpreter.open(RemoteInterpreter.java:132)
	at org.apache.zeppelin.interpreter.remote.RemoteInterpreter.getFormType(RemoteInterpreter.java:299)
	at org.apache.zeppelin.notebook.Paragraph.jobRun(Paragraph.java:407)
	at org.apache.zeppelin.scheduler.Job.run(Job.java:188)
	at org.apache.zeppelin.scheduler.RemoteScheduler$JobRunner.run(RemoteScheduler.java:307)
	at java.util.concurrent.Executors$RunnableAdapter.call(Executors.java:511)
	at java.util.concurrent.FutureTask.run(FutureTask.java:266)
	at java.util.concurrent.ScheduledThreadPoolExecutor$ScheduledFutureTask.access$201(ScheduledThreadPoolExecutor.java:180)
	at java.util.concurrent.ScheduledThreadPoolExecutor$ScheduledFutureTask.run(ScheduledThreadPoolExecutor.java:293)
	at java.util.concurrent.ThreadPoolExecutor.runWorker(ThreadPoolExecutor.java:1149)
	at java.util.concurrent.ThreadPoolExecutor$Worker.run(ThreadPoolExecutor.java:624)
	at java.lang.Thread.run(Thread.java:748)

 INFO [2020-12-09 22:34:59,271] ({pool-2-thread-2} VFSNotebookRepo.java[save]:196) - Saving note:2FR6PUBSH
 INFO [2020-12-09 22:34:59,287] ({pool-2-thread-2} SchedulerFactory.java[jobFinished]:115) - Job 20201209-223254_448844614 finished by scheduler org.apache.zeppelin.interpreter.remote.RemoteInterpreter-spark:shared_process-shared_session
 INFO [2020-12-09 22:35:00,129] ({qtp1458849419-17} VFSNotebookRepo.java[save]:196) - Saving note:2FR6PUBSH
 INFO [2020-12-09 22:35:00,148] ({pool-2-thread-3} SchedulerFactory.java[jobStarted]:109) - Job 20201209-223254_448844614 started by scheduler org.apache.zeppelin.interpreter.remote.RemoteInterpreter-spark:shared_process-shared_session
 INFO [2020-12-09 22:35:00,151] ({pool-2-thread-3} Paragraph.java[jobRun]:380) - Run paragraph [paragraph_id: 20201209-223254_448844614, interpreter: , note_id: 2FR6PUBSH, user: anonymous]
 INFO [2020-12-09 22:35:00,159] ({pool-2-thread-3} ManagedInterpreterGroup.java[getOrCreateInterpreterProcess]:61) - Create InterpreterProcess for InterpreterGroup: spark:shared_process
 INFO [2020-12-09 22:35:00,160] ({pool-2-thread-3} ShellScriptLauncher.java[launch]:48) - Launching Interpreter: spark
ERROR [2020-12-09 22:35:00,161] ({pool-2-thread-3} Job.java[run]:190) - Job failed
java.lang.RuntimeException: SPARK_HOME is not specified in interpreter-setting for non-local mode, if you specify it in zeppelin-env.sh, please move that into  interpreter setting
	at org.apache.zeppelin.interpreter.launcher.SparkInterpreterLauncher.setupPropertiesForSparkR(SparkInterpreterLauncher.java:151)
	at org.apache.zeppelin.interpreter.launcher.SparkInterpreterLauncher.buildEnvFromProperties(SparkInterpreterLauncher.java:58)
	at org.apache.zeppelin.interpreter.launcher.ShellScriptLauncher.launch(ShellScriptLauncher.java:87)
	at org.apache.zeppelin.interpreter.InterpreterSetting.createInterpreterProcess(InterpreterSetting.java:715)
	at org.apache.zeppelin.interpreter.ManagedInterpreterGroup.getOrCreateInterpreterProcess(ManagedInterpreterGroup.java:62)
	at org.apache.zeppelin.interpreter.remote.RemoteInterpreter.getOrCreateInterpreterProcess(RemoteInterpreter.java:111)
	at org.apache.zeppelin.interpreter.remote.RemoteInterpreter.internal_create(RemoteInterpreter.java:164)
	at org.apache.zeppelin.interpreter.remote.RemoteInterpreter.open(RemoteInterpreter.java:132)
	at org.apache.zeppelin.interpreter.remote.RemoteInterpreter.getFormType(RemoteInterpreter.java:299)
	at org.apache.zeppelin.notebook.Paragraph.jobRun(Paragraph.java:407)
	at org.apache.zeppelin.scheduler.Job.run(Job.java:188)
	at org.apache.zeppelin.scheduler.RemoteScheduler$JobRunner.run(RemoteScheduler.java:307)
	at java.util.concurrent.Executors$RunnableAdapter.call(Executors.java:511)
	at java.util.concurrent.FutureTask.run(FutureTask.java:266)
	at java.util.concurrent.ScheduledThreadPoolExecutor$ScheduledFutureTask.access$201(ScheduledThreadPoolExecutor.java:180)
	at java.util.concurrent.ScheduledThreadPoolExecutor$ScheduledFutureTask.run(ScheduledThreadPoolExecutor.java:293)
	at java.util.concurrent.ThreadPoolExecutor.runWorker(ThreadPoolExecutor.java:1149)
	at java.util.concurrent.ThreadPoolExecutor$Worker.run(ThreadPoolExecutor.java:624)
	at java.lang.Thread.run(Thread.java:748)
ERROR [2020-12-09 22:35:00,164] ({pool-2-thread-3} NotebookServer.java[afterStatusChange]:2294) - Error
java.lang.RuntimeException: SPARK_HOME is not specified in interpreter-setting for non-local mode, if you specify it in zeppelin-env.sh, please move that into  interpreter setting
	at org.apache.zeppelin.interpreter.launcher.SparkInterpreterLauncher.setupPropertiesForSparkR(SparkInterpreterLauncher.java:151)
	at org.apache.zeppelin.interpreter.launcher.SparkInterpreterLauncher.buildEnvFromProperties(SparkInterpreterLauncher.java:58)
	at org.apache.zeppelin.interpreter.launcher.ShellScriptLauncher.launch(ShellScriptLauncher.java:87)
	at org.apache.zeppelin.interpreter.InterpreterSetting.createInterpreterProcess(InterpreterSetting.java:715)
	at org.apache.zeppelin.interpreter.ManagedInterpreterGroup.getOrCreateInterpreterProcess(ManagedInterpreterGroup.java:62)
	at org.apache.zeppelin.interpreter.remote.RemoteInterpreter.getOrCreateInterpreterProcess(RemoteInterpreter.java:111)
	at org.apache.zeppelin.interpreter.remote.RemoteInterpreter.internal_create(RemoteInterpreter.java:164)
	at org.apache.zeppelin.interpreter.remote.RemoteInterpreter.open(RemoteInterpreter.java:132)
	at org.apache.zeppelin.interpreter.remote.RemoteInterpreter.getFormType(RemoteInterpreter.java:299)
	at org.apache.zeppelin.notebook.Paragraph.jobRun(Paragraph.java:407)
	at org.apache.zeppelin.scheduler.Job.run(Job.java:188)
	at org.apache.zeppelin.scheduler.RemoteScheduler$JobRunner.run(RemoteScheduler.java:307)
	at java.util.concurrent.Executors$RunnableAdapter.call(Executors.java:511)
	at java.util.concurrent.FutureTask.run(FutureTask.java:266)
	at java.util.concurrent.ScheduledThreadPoolExecutor$ScheduledFutureTask.access$201(ScheduledThreadPoolExecutor.java:180)
	at java.util.concurrent.ScheduledThreadPoolExecutor$ScheduledFutureTask.run(ScheduledThreadPoolExecutor.java:293)
	at java.util.concurrent.ThreadPoolExecutor.runWorker(ThreadPoolExecutor.java:1149)
	at java.util.concurrent.ThreadPoolExecutor$Worker.run(ThreadPoolExecutor.java:624)
	at java.lang.Thread.run(Thread.java:748)
 WARN [2020-12-09 22:35:00,165] ({pool-2-thread-3} NotebookServer.java[afterStatusChange]:2302) - Job 20201209-223254_448844614 is finished, status: ERROR, exception: java.lang.RuntimeException: SPARK_HOME is not specified in interpreter-setting for non-local mode, if you specify it in zeppelin-env.sh, please move that into  interpreter setting, result: %text java.lang.RuntimeException: SPARK_HOME is not specified in interpreter-setting for non-local mode, if you specify it in zeppelin-env.sh, please move that into  interpreter setting
	at org.apache.zeppelin.interpreter.launcher.SparkInterpreterLauncher.setupPropertiesForSparkR(SparkInterpreterLauncher.java:151)
	at org.apache.zeppelin.interpreter.launcher.SparkInterpreterLauncher.buildEnvFromProperties(SparkInterpreterLauncher.java:58)
	at org.apache.zeppelin.interpreter.launcher.ShellScriptLauncher.launch(ShellScriptLauncher.java:87)
	at org.apache.zeppelin.interpreter.InterpreterSetting.createInterpreterProcess(InterpreterSetting.java:715)
	at org.apache.zeppelin.interpreter.ManagedInterpreterGroup.getOrCreateInterpreterProcess(ManagedInterpreterGroup.java:62)
	at org.apache.zeppelin.interpreter.remote.RemoteInterpreter.getOrCreateInterpreterProcess(RemoteInterpreter.java:111)
	at org.apache.zeppelin.interpreter.remote.RemoteInterpreter.internal_create(RemoteInterpreter.java:164)
	at org.apache.zeppelin.interpreter.remote.RemoteInterpreter.open(RemoteInterpreter.java:132)
	at org.apache.zeppelin.interpreter.remote.RemoteInterpreter.getFormType(RemoteInterpreter.java:299)
	at org.apache.zeppelin.notebook.Paragraph.jobRun(Paragraph.java:407)
	at org.apache.zeppelin.scheduler.Job.run(Job.java:188)
	at org.apache.zeppelin.scheduler.RemoteScheduler$JobRunner.run(RemoteScheduler.java:307)
	at java.util.concurrent.Executors$RunnableAdapter.call(Executors.java:511)
	at java.util.concurrent.FutureTask.run(FutureTask.java:266)
	at java.util.concurrent.ScheduledThreadPoolExecutor$ScheduledFutureTask.access$201(ScheduledThreadPoolExecutor.java:180)
	at java.util.concurrent.ScheduledThreadPoolExecutor$ScheduledFutureTask.run(ScheduledThreadPoolExecutor.java:293)
	at java.util.concurrent.ThreadPoolExecutor.runWorker(ThreadPoolExecutor.java:1149)
	at java.util.concurrent.ThreadPoolExecutor$Worker.run(ThreadPoolExecutor.java:624)
	at java.lang.Thread.run(Thread.java:748)

 INFO [2020-12-09 22:35:00,182] ({pool-2-thread-3} VFSNotebookRepo.java[save]:196) - Saving note:2FR6PUBSH
 INFO [2020-12-09 22:35:00,197] ({pool-2-thread-3} SchedulerFactory.java[jobFinished]:115) - Job 20201209-223254_448844614 finished by scheduler org.apache.zeppelin.interpreter.remote.RemoteInterpreter-spark:shared_process-shared_session
 INFO [2020-12-09 22:37:28,780] ({qtp1458849419-12} NotebookServer.java[onClose]:371) - Closed connection to 172.27.0.1 : 48672. (1001) null
 WARN [2020-12-09 22:38:21,505] ({qtp1458849419-18} SecurityRestApi.java[ticket]:88) - {"status":"OK","message":"","body":{"principal":"anonymous","ticket":"anonymous","roles":"[]"}}
 INFO [2020-12-09 22:38:21,570] ({qtp1458849419-14} NotebookServer.java[onOpen]:150) - New connection from 172.27.0.1 : 48728
 INFO [2020-12-09 22:38:24,696] ({qtp1458849419-18} NotebookServer.java[sendNote]:814) - New operation from 172.27.0.1 : 48728 : anonymous : GET_NOTE : 2FR6PUBSH
 WARN [2020-12-09 22:38:24,729] ({qtp1458849419-18} GitNotebookRepo.java[revisionHistory]:158) - No Head found for 2FR6PUBSH, No HEAD exists and no explicit starting revision was specified
 WARN [2020-12-09 22:38:24,731] ({qtp1458849419-18} InterpreterSettingManager.java[compare]:884) - InterpreterGroup sap is not specified in zeppelin.interpreter.group.order
 WARN [2020-12-09 22:38:24,737] ({qtp1458849419-18} InterpreterSettingManager.java[compare]:884) - InterpreterGroup sap is not specified in zeppelin.interpreter.group.order
 WARN [2020-12-09 22:38:24,740] ({qtp1458849419-18} InterpreterSettingManager.java[compare]:890) - InterpreterGroup sap is not specified in zeppelin.interpreter.group.order
 WARN [2020-12-09 22:38:24,741] ({qtp1458849419-18} InterpreterSettingManager.java[compare]:890) - InterpreterGroup sap is not specified in zeppelin.interpreter.group.order
 WARN [2020-12-09 22:38:24,742] ({qtp1458849419-18} InterpreterSettingManager.java[compare]:890) - InterpreterGroup sap is not specified in zeppelin.interpreter.group.order
 INFO [2020-12-09 22:40:58,146] ({Thread-14} ZeppelinServer.java[run]:227) - Shutting down Zeppelin Server ... 
 INFO [2020-12-09 22:40:58,161] ({qtp1458849419-53} NotebookServer.java[onClose]:371) - Closed connection to 172.27.0.1 : 48728. (1005) null
 INFO [2020-12-09 22:40:58,167] ({Thread-14} AbstractConnector.java[doStop]:306) - Stopped ServerConnector@62573c86{HTTP/1.1}{0.0.0.0:8080}
 INFO [2020-12-09 22:40:58,244] ({Thread-14} ContextHandler.java[doStop]:865) - Stopped o.e.j.w.WebAppContext@70beb599{/,file:/zeppelin/webapps/webapp/,UNAVAILABLE}{/zeppelin/zeppelin-web-0.8.0.war}
