 WARN [2020-12-09 23:26:41,558] ({main} ZeppelinConfiguration.java[create]:117) - Failed to load configuration, proceeding with a default
 INFO [2020-12-09 23:26:41,660] ({main} ZeppelinConfiguration.java[create]:129) - Server Host: 0.0.0.0
 INFO [2020-12-09 23:26:41,662] ({main} ZeppelinConfiguration.java[create]:131) - Server Port: 8080
 INFO [2020-12-09 23:26:41,664] ({main} ZeppelinConfiguration.java[create]:135) - Context Path: /
 INFO [2020-12-09 23:26:41,679] ({main} ZeppelinConfiguration.java[create]:136) - Zeppelin Version: 0.8.0
 INFO [2020-12-09 23:26:41,773] ({main} Log.java[initialized]:186) - Logging initialized @1659ms
 INFO [2020-12-09 23:26:42,069] ({main} ZeppelinServer.java[setupWebAppContext]:387) - ZeppelinServer Webapp path: /zeppelin/webapps
 INFO [2020-12-09 23:26:42,402] ({main} ZeppelinServer.java[main]:213) - Starting zeppelin server
 INFO [2020-12-09 23:26:42,410] ({main} Server.java[doStart]:327) - jetty-9.2.15.v20160210
 INFO [2020-12-09 23:26:55,922] ({main} StandardDescriptorProcessor.java[visitServlet]:297) - NO JSP Support for /, did not find org.eclipse.jetty.jsp.JettyJspServlet
 WARN [2020-12-09 23:26:56,101] ({main} ServletHolder.java[getNameOfJspClass]:923) - Unable to make identifier for jsp rest trying rest instead
 WARN [2020-12-09 23:26:57,345] ({main} ZeppelinConfiguration.java[getConfigFSDir]:527) - zeppelin.config.fs.dir is not specified, fall back to local conf directory zeppelin.conf.dir
 WARN [2020-12-09 23:26:57,348] ({main} ZeppelinConfiguration.java[getConfigFSDir]:527) - zeppelin.config.fs.dir is not specified, fall back to local conf directory zeppelin.conf.dir
 INFO [2020-12-09 23:26:57,700] ({main} InterpreterSettingManager.java[<init>]:163) - Using RecoveryStorage: org.apache.zeppelin.interpreter.recovery.NullRecoveryStorage
 INFO [2020-12-09 23:26:57,704] ({main} InterpreterSettingManager.java[<init>]:167) - Using LifecycleManager: org.apache.zeppelin.interpreter.lifecycle.NullLifecycleManager
 INFO [2020-12-09 23:26:57,808] ({main} InterpreterSettingManager.java[registerInterpreterSetting]:423) - Register InterpreterSettingTemplate: jdbc
 INFO [2020-12-09 23:26:57,824] ({main} InterpreterSettingManager.java[registerInterpreterSetting]:423) - Register InterpreterSettingTemplate: alluxio
 INFO [2020-12-09 23:26:57,841] ({main} InterpreterSettingManager.java[registerInterpreterSetting]:423) - Register InterpreterSettingTemplate: cassandra
 INFO [2020-12-09 23:26:57,855] ({main} InterpreterSettingManager.java[registerInterpreterSetting]:423) - Register InterpreterSettingTemplate: spark
 INFO [2020-12-09 23:26:57,866] ({main} InterpreterSettingManager.java[registerInterpreterSetting]:423) - Register InterpreterSettingTemplate: python
 WARN [2020-12-09 23:26:57,966] ({main} InterpreterSettingManager.java[init]:329) - No interpreter-setting.json found in /zeppelin/interpreter/scio
 INFO [2020-12-09 23:26:57,974] ({main} InterpreterSettingManager.java[registerInterpreterSetting]:423) - Register InterpreterSettingTemplate: neo4j
 INFO [2020-12-09 23:26:57,981] ({main} InterpreterSettingManager.java[registerInterpreterSetting]:423) - Register InterpreterSettingTemplate: sap
 INFO [2020-12-09 23:26:57,986] ({main} InterpreterSettingManager.java[registerInterpreterSetting]:423) - Register InterpreterSettingTemplate: angular
 INFO [2020-12-09 23:26:57,991] ({main} InterpreterSettingManager.java[registerInterpreterSetting]:423) - Register InterpreterSettingTemplate: bigquery
 INFO [2020-12-09 23:26:57,996] ({main} InterpreterSettingManager.java[registerInterpreterSetting]:423) - Register InterpreterSettingTemplate: elasticsearch
 INFO [2020-12-09 23:26:58,001] ({main} InterpreterSettingManager.java[registerInterpreterSetting]:423) - Register InterpreterSettingTemplate: lens
 INFO [2020-12-09 23:26:58,006] ({main} InterpreterSettingManager.java[registerInterpreterSetting]:423) - Register InterpreterSettingTemplate: sh
 INFO [2020-12-09 23:26:58,011] ({main} InterpreterSettingManager.java[registerInterpreterSetting]:423) - Register InterpreterSettingTemplate: groovy
 INFO [2020-12-09 23:26:58,019] ({main} InterpreterSettingManager.java[registerInterpreterSetting]:423) - Register InterpreterSettingTemplate: flink
 INFO [2020-12-09 23:26:58,032] ({main} InterpreterSettingManager.java[registerInterpreterSetting]:423) - Register InterpreterSettingTemplate: livy
 INFO [2020-12-09 23:26:58,039] ({main} InterpreterSettingManager.java[registerInterpreterSetting]:423) - Register InterpreterSettingTemplate: md
 WARN [2020-12-09 23:26:58,042] ({main} InterpreterSettingManager.java[init]:329) - No interpreter-setting.json found in /zeppelin/interpreter/lib
 WARN [2020-12-09 23:26:58,050] ({main} InterpreterSettingManager.java[init]:329) - No interpreter-setting.json found in /zeppelin/interpreter/${interpreter.name}
 INFO [2020-12-09 23:26:58,054] ({main} InterpreterSettingManager.java[registerInterpreterSetting]:423) - Register InterpreterSettingTemplate: pig
 INFO [2020-12-09 23:26:58,060] ({main} InterpreterSettingManager.java[registerInterpreterSetting]:423) - Register InterpreterSettingTemplate: ignite
 INFO [2020-12-09 23:26:58,064] ({main} InterpreterSettingManager.java[registerInterpreterSetting]:423) - Register InterpreterSettingTemplate: hbase
 INFO [2020-12-09 23:26:58,074] ({main} InterpreterSettingManager.java[registerInterpreterSetting]:423) - Register InterpreterSettingTemplate: kylin
 INFO [2020-12-09 23:26:58,079] ({main} InterpreterSettingManager.java[registerInterpreterSetting]:423) - Register InterpreterSettingTemplate: file
 WARN [2020-12-09 23:26:58,081] ({main} LocalConfigStorage.java[loadInterpreterSettings]:60) - Interpreter Setting file /zeppelin/conf/interpreter.json is not existed
 INFO [2020-12-09 23:26:58,137] ({main} LocalConfigStorage.java[save]:53) - Save Interpreter Setting to /zeppelin/conf/interpreter.json
 INFO [2020-12-09 23:26:58,436] ({main} VfsLog.java[info]:138) - Using "/tmp/vfs_cache" as temporary files store.
 INFO [2020-12-09 23:26:58,555] ({main} GitNotebookRepo.java[<init>]:64) - Opening a git repo at '/zeppelin/notebook'
 INFO [2020-12-09 23:26:58,765] ({main} NotebookRepoSync.java[<init>]:77) - Instantiate NotebookRepo: org.apache.zeppelin.notebook.repo.GitNotebookRepo
 WARN [2020-12-09 23:26:59,221] ({main} NotebookAuthorization.java[getInstance]:86) - Notebook authorization module was called without initialization, initializing with default configuration
 WARN [2020-12-09 23:26:59,223] ({main} LocalConfigStorage.java[loadNotebookAuthorization]:77) - NotebookAuthorization file /zeppelin/conf/notebook-authorization.json is not existed
 INFO [2020-12-09 23:26:59,226] ({main} Credentials.java[loadFromFile]:121) - /zeppelin/conf/credentials.json
 INFO [2020-12-09 23:26:59,405] ({main} StdSchedulerFactory.java[instantiate]:1184) - Using default implementation for ThreadExecutor
 INFO [2020-12-09 23:26:59,469] ({main} SimpleThreadPool.java[initialize]:268) - Job execution threads will use class loader of thread: main
 INFO [2020-12-09 23:26:59,709] ({main} SchedulerSignalerImpl.java[<init>]:61) - Initialized Scheduler Signaller of type: class org.quartz.core.SchedulerSignalerImpl
 INFO [2020-12-09 23:26:59,741] ({main} QuartzScheduler.java[<init>]:240) - Quartz Scheduler v.2.2.1 created.
 INFO [2020-12-09 23:26:59,763] ({main} RAMJobStore.java[initialize]:155) - RAMJobStore initialized.
 INFO [2020-12-09 23:26:59,786] ({main} QuartzScheduler.java[initialize]:305) - Scheduler meta-data: Quartz Scheduler (v2.2.1) 'DefaultQuartzScheduler' with instanceId 'NON_CLUSTERED'
  Scheduler class: 'org.quartz.core.QuartzScheduler' - running locally.
  NOT STARTED.
  Currently in standby mode.
  Number of jobs executed: 0
  Using thread pool 'org.quartz.simpl.SimpleThreadPool' - with 10 threads.
  Using job-store 'org.quartz.simpl.RAMJobStore' - which does not support persistence. and is not clustered.

 INFO [2020-12-09 23:26:59,795] ({main} StdSchedulerFactory.java[instantiate]:1339) - Quartz scheduler 'DefaultQuartzScheduler' initialized from default resource file in Quartz package: 'quartz.properties'
 INFO [2020-12-09 23:26:59,803] ({main} StdSchedulerFactory.java[instantiate]:1343) - Quartz scheduler version: 2.2.1
 INFO [2020-12-09 23:26:59,812] ({main} QuartzScheduler.java[start]:575) - Scheduler DefaultQuartzScheduler_$_NON_CLUSTERED started.
 INFO [2020-12-09 23:27:00,316] ({main} FolderView.java[createFolder]:107) - Create folder /
 INFO [2020-12-09 23:27:00,326] ({main} Folder.java[setParent]:169) - Set parent of / to /
 INFO [2020-12-09 23:27:00,335] ({main} Folder.java[addNote]:185) - Add note 2FR6PUBSH to folder /
 WARN [2020-12-09 23:27:00,363] ({main} Notebook.java[refreshCron]:980) - execution of the cron job is skipped cron is not enabled from Zeppelin server
 INFO [2020-12-09 23:27:00,369] ({main} Notebook.java[<init>]:126) - Notebook indexing started...
 INFO [2020-12-09 23:27:02,543] ({main} LuceneSearch.java[addIndexDocs]:305) - Indexing 1 notebooks took 2168ms
 INFO [2020-12-09 23:27:02,550] ({main} Notebook.java[<init>]:128) - Notebook indexing finished: 1 indexed in -2s
 INFO [2020-12-09 23:27:02,569] ({main} Helium.java[loadConf]:103) - Add helium local registry /zeppelin/helium
 INFO [2020-12-09 23:27:02,584] ({main} Helium.java[loadConf]:100) - Add helium online registry https://s3.amazonaws.com/helium-package/helium.json
 WARN [2020-12-09 23:27:02,617] ({main} Helium.java[loadConf]:111) - /zeppelin/conf/helium.json does not exists
 INFO [2020-12-09 23:27:10,610] ({main} ContextHandler.java[doStart]:744) - Started o.e.j.w.WebAppContext@70beb599{/,file:/zeppelin/webapps/webapp/,AVAILABLE}{/zeppelin/zeppelin-web-0.8.0.war}
 INFO [2020-12-09 23:27:10,637] ({main} AbstractConnector.java[doStart]:266) - Started ServerConnector@22a736d7{HTTP/1.1}{0.0.0.0:8080}
 INFO [2020-12-09 23:27:10,639] ({main} Server.java[doStart]:379) - Started @30572ms
 INFO [2020-12-09 23:27:10,640] ({main} ZeppelinServer.java[main]:223) - Done, zeppelin server started
 INFO [2020-12-09 23:28:23,103] ({qtp1458849419-12} NotebookServer.java[onOpen]:150) - New connection from 172.27.0.1 : 48960
 INFO [2020-12-09 23:28:23,127] ({qtp1458849419-14} NotebookServer.java[sendNote]:814) - New operation from 172.27.0.1 : 48960 : anonymous : GET_NOTE : 2FR6PUBSH
 WARN [2020-12-09 23:28:23,525] ({qtp1458849419-14} GitNotebookRepo.java[revisionHistory]:158) - No Head found for 2FR6PUBSH, No HEAD exists and no explicit starting revision was specified
 INFO [2020-12-09 23:28:23,538] ({qtp1458849419-14} NotebookServer.java[sendNote]:814) - New operation from 172.27.0.1 : 48960 : anonymous : GET_NOTE : 2FR6PUBSH
 WARN [2020-12-09 23:28:23,566] ({qtp1458849419-14} GitNotebookRepo.java[revisionHistory]:158) - No Head found for 2FR6PUBSH, No HEAD exists and no explicit starting revision was specified
 WARN [2020-12-09 23:28:23,576] ({qtp1458849419-14} InterpreterSettingManager.java[compare]:884) - InterpreterGroup sap is not specified in zeppelin.interpreter.group.order
 WARN [2020-12-09 23:28:23,582] ({qtp1458849419-14} InterpreterSettingManager.java[compare]:884) - InterpreterGroup sap is not specified in zeppelin.interpreter.group.order
 WARN [2020-12-09 23:28:23,583] ({qtp1458849419-14} InterpreterSettingManager.java[compare]:890) - InterpreterGroup sap is not specified in zeppelin.interpreter.group.order
 WARN [2020-12-09 23:28:23,585] ({qtp1458849419-14} InterpreterSettingManager.java[compare]:890) - InterpreterGroup sap is not specified in zeppelin.interpreter.group.order
 WARN [2020-12-09 23:28:23,586] ({qtp1458849419-14} InterpreterSettingManager.java[compare]:890) - InterpreterGroup sap is not specified in zeppelin.interpreter.group.order
ERROR [2020-12-09 23:28:23,603] ({qtp1458849419-14} NotebookServer.java[onMessage]:365) - Can't handle message: {"op":"EDITOR_SETTING","data":{"paragraphId":"20201209-223258_1607147058","magic":"spark"},"principal":"anonymous","ticket":"anonymous","roles":"[]"}
java.io.IOException: Fail to get interpreter: spark
	at org.apache.zeppelin.socket.NotebookServer.getEditorSetting(NotebookServer.java:2454)
	at org.apache.zeppelin.socket.NotebookServer.onMessage(NotebookServer.java:347)
	at org.apache.zeppelin.socket.NotebookSocket.onWebSocketText(NotebookSocket.java:59)
	at org.eclipse.jetty.websocket.common.events.JettyListenerEventDriver.onTextMessage(JettyListenerEventDriver.java:128)
	at org.eclipse.jetty.websocket.common.message.SimpleTextMessage.messageComplete(SimpleTextMessage.java:69)
	at org.eclipse.jetty.websocket.common.events.AbstractEventDriver.appendMessage(AbstractEventDriver.java:65)
	at org.eclipse.jetty.websocket.common.events.JettyListenerEventDriver.onTextFrame(JettyListenerEventDriver.java:122)
	at org.eclipse.jetty.websocket.common.events.AbstractEventDriver.incomingFrame(AbstractEventDriver.java:161)
	at org.eclipse.jetty.websocket.common.WebSocketSession.incomingFrame(WebSocketSession.java:309)
	at org.eclipse.jetty.websocket.common.extensions.ExtensionStack.incomingFrame(ExtensionStack.java:214)
	at org.eclipse.jetty.websocket.common.Parser.notifyFrame(Parser.java:220)
	at org.eclipse.jetty.websocket.common.Parser.parse(Parser.java:258)
	at org.eclipse.jetty.websocket.common.io.AbstractWebSocketConnection.readParse(AbstractWebSocketConnection.java:632)
	at org.eclipse.jetty.websocket.common.io.AbstractWebSocketConnection.onFillable(AbstractWebSocketConnection.java:480)
	at org.eclipse.jetty.io.AbstractConnection$2.run(AbstractConnection.java:544)
	at org.eclipse.jetty.util.thread.QueuedThreadPool.runJob(QueuedThreadPool.java:635)
	at org.eclipse.jetty.util.thread.QueuedThreadPool$3.run(QueuedThreadPool.java:555)
	at java.lang.Thread.run(Thread.java:748)
Caused by: org.apache.zeppelin.interpreter.InterpreterNotFoundException: No interpreter is binded to this note: 2FR6PUBSH
	at org.apache.zeppelin.interpreter.InterpreterFactory.getInterpreter(InterpreterFactory.java:60)
	at org.apache.zeppelin.socket.NotebookServer.getEditorSetting(NotebookServer.java:2452)
	... 17 more
ERROR [2020-12-09 23:28:23,618] ({qtp1458849419-14} NotebookServer.java[onMessage]:365) - Can't handle message: {"op":"EDITOR_SETTING","data":{"paragraphId":"20201209-223254_448844614","magic":"spark"},"principal":"anonymous","ticket":"anonymous","roles":"[]"}
java.io.IOException: Fail to get interpreter: spark
	at org.apache.zeppelin.socket.NotebookServer.getEditorSetting(NotebookServer.java:2454)
	at org.apache.zeppelin.socket.NotebookServer.onMessage(NotebookServer.java:347)
	at org.apache.zeppelin.socket.NotebookSocket.onWebSocketText(NotebookSocket.java:59)
	at org.eclipse.jetty.websocket.common.events.JettyListenerEventDriver.onTextMessage(JettyListenerEventDriver.java:128)
	at org.eclipse.jetty.websocket.common.message.SimpleTextMessage.messageComplete(SimpleTextMessage.java:69)
	at org.eclipse.jetty.websocket.common.events.AbstractEventDriver.appendMessage(AbstractEventDriver.java:65)
	at org.eclipse.jetty.websocket.common.events.JettyListenerEventDriver.onTextFrame(JettyListenerEventDriver.java:122)
	at org.eclipse.jetty.websocket.common.events.AbstractEventDriver.incomingFrame(AbstractEventDriver.java:161)
	at org.eclipse.jetty.websocket.common.WebSocketSession.incomingFrame(WebSocketSession.java:309)
	at org.eclipse.jetty.websocket.common.extensions.ExtensionStack.incomingFrame(ExtensionStack.java:214)
	at org.eclipse.jetty.websocket.common.Parser.notifyFrame(Parser.java:220)
	at org.eclipse.jetty.websocket.common.Parser.parse(Parser.java:258)
	at org.eclipse.jetty.websocket.common.io.AbstractWebSocketConnection.readParse(AbstractWebSocketConnection.java:632)
	at org.eclipse.jetty.websocket.common.io.AbstractWebSocketConnection.onFillable(AbstractWebSocketConnection.java:480)
	at org.eclipse.jetty.io.AbstractConnection$2.run(AbstractConnection.java:544)
	at org.eclipse.jetty.util.thread.QueuedThreadPool.runJob(QueuedThreadPool.java:635)
	at org.eclipse.jetty.util.thread.QueuedThreadPool$3.run(QueuedThreadPool.java:555)
	at java.lang.Thread.run(Thread.java:748)
Caused by: org.apache.zeppelin.interpreter.InterpreterNotFoundException: No interpreter is binded to this note: 2FR6PUBSH
	at org.apache.zeppelin.interpreter.InterpreterFactory.getInterpreter(InterpreterFactory.java:60)
	at org.apache.zeppelin.socket.NotebookServer.getEditorSetting(NotebookServer.java:2452)
	... 17 more
 WARN [2020-12-09 23:28:23,652] ({qtp1458849419-14} InterpreterSettingManager.java[compare]:884) - InterpreterGroup sap is not specified in zeppelin.interpreter.group.order
 WARN [2020-12-09 23:28:23,656] ({qtp1458849419-14} InterpreterSettingManager.java[compare]:884) - InterpreterGroup sap is not specified in zeppelin.interpreter.group.order
 WARN [2020-12-09 23:28:23,662] ({qtp1458849419-14} InterpreterSettingManager.java[compare]:890) - InterpreterGroup sap is not specified in zeppelin.interpreter.group.order
 WARN [2020-12-09 23:28:23,664] ({qtp1458849419-14} InterpreterSettingManager.java[compare]:890) - InterpreterGroup sap is not specified in zeppelin.interpreter.group.order
 WARN [2020-12-09 23:28:23,666] ({qtp1458849419-14} InterpreterSettingManager.java[compare]:890) - InterpreterGroup sap is not specified in zeppelin.interpreter.group.order
ERROR [2020-12-09 23:28:23,671] ({qtp1458849419-14} NotebookServer.java[onMessage]:365) - Can't handle message: {"op":"EDITOR_SETTING","data":{"paragraphId":"20201209-223258_1607147058","magic":"spark"},"principal":"anonymous","ticket":"anonymous","roles":"[]"}
java.io.IOException: Fail to get interpreter: spark
	at org.apache.zeppelin.socket.NotebookServer.getEditorSetting(NotebookServer.java:2454)
	at org.apache.zeppelin.socket.NotebookServer.onMessage(NotebookServer.java:347)
	at org.apache.zeppelin.socket.NotebookSocket.onWebSocketText(NotebookSocket.java:59)
	at org.eclipse.jetty.websocket.common.events.JettyListenerEventDriver.onTextMessage(JettyListenerEventDriver.java:128)
	at org.eclipse.jetty.websocket.common.message.SimpleTextMessage.messageComplete(SimpleTextMessage.java:69)
	at org.eclipse.jetty.websocket.common.events.AbstractEventDriver.appendMessage(AbstractEventDriver.java:65)
	at org.eclipse.jetty.websocket.common.events.JettyListenerEventDriver.onTextFrame(JettyListenerEventDriver.java:122)
	at org.eclipse.jetty.websocket.common.events.AbstractEventDriver.incomingFrame(AbstractEventDriver.java:161)
	at org.eclipse.jetty.websocket.common.WebSocketSession.incomingFrame(WebSocketSession.java:309)
	at org.eclipse.jetty.websocket.common.extensions.ExtensionStack.incomingFrame(ExtensionStack.java:214)
	at org.eclipse.jetty.websocket.common.Parser.notifyFrame(Parser.java:220)
	at org.eclipse.jetty.websocket.common.Parser.parse(Parser.java:258)
	at org.eclipse.jetty.websocket.common.io.AbstractWebSocketConnection.readParse(AbstractWebSocketConnection.java:632)
	at org.eclipse.jetty.websocket.common.io.AbstractWebSocketConnection.onFillable(AbstractWebSocketConnection.java:480)
	at org.eclipse.jetty.io.AbstractConnection$2.run(AbstractConnection.java:544)
	at org.eclipse.jetty.util.thread.QueuedThreadPool.runJob(QueuedThreadPool.java:635)
	at org.eclipse.jetty.util.thread.QueuedThreadPool$3.run(QueuedThreadPool.java:555)
	at java.lang.Thread.run(Thread.java:748)
Caused by: org.apache.zeppelin.interpreter.InterpreterNotFoundException: No interpreter is binded to this note: 2FR6PUBSH
	at org.apache.zeppelin.interpreter.InterpreterFactory.getInterpreter(InterpreterFactory.java:60)
	at org.apache.zeppelin.socket.NotebookServer.getEditorSetting(NotebookServer.java:2452)
	... 17 more
ERROR [2020-12-09 23:28:23,830] ({qtp1458849419-18} NotebookServer.java[onMessage]:365) - Can't handle message: {"op":"EDITOR_SETTING","data":{"paragraphId":"20201209-223254_448844614","magic":"spark"},"principal":"anonymous","ticket":"anonymous","roles":"[]"}
java.io.IOException: Fail to get interpreter: spark
	at org.apache.zeppelin.socket.NotebookServer.getEditorSetting(NotebookServer.java:2454)
	at org.apache.zeppelin.socket.NotebookServer.onMessage(NotebookServer.java:347)
	at org.apache.zeppelin.socket.NotebookSocket.onWebSocketText(NotebookSocket.java:59)
	at org.eclipse.jetty.websocket.common.events.JettyListenerEventDriver.onTextMessage(JettyListenerEventDriver.java:128)
	at org.eclipse.jetty.websocket.common.message.SimpleTextMessage.messageComplete(SimpleTextMessage.java:69)
	at org.eclipse.jetty.websocket.common.events.AbstractEventDriver.appendMessage(AbstractEventDriver.java:65)
	at org.eclipse.jetty.websocket.common.events.JettyListenerEventDriver.onTextFrame(JettyListenerEventDriver.java:122)
	at org.eclipse.jetty.websocket.common.events.AbstractEventDriver.incomingFrame(AbstractEventDriver.java:161)
	at org.eclipse.jetty.websocket.common.WebSocketSession.incomingFrame(WebSocketSession.java:309)
	at org.eclipse.jetty.websocket.common.extensions.ExtensionStack.incomingFrame(ExtensionStack.java:214)
	at org.eclipse.jetty.websocket.common.Parser.notifyFrame(Parser.java:220)
	at org.eclipse.jetty.websocket.common.Parser.parse(Parser.java:258)
	at org.eclipse.jetty.websocket.common.io.AbstractWebSocketConnection.readParse(AbstractWebSocketConnection.java:632)
	at org.eclipse.jetty.websocket.common.io.AbstractWebSocketConnection.onFillable(AbstractWebSocketConnection.java:480)
	at org.eclipse.jetty.io.AbstractConnection$2.run(AbstractConnection.java:544)
	at org.eclipse.jetty.util.thread.QueuedThreadPool.runJob(QueuedThreadPool.java:635)
	at org.eclipse.jetty.util.thread.QueuedThreadPool$3.run(QueuedThreadPool.java:555)
	at java.lang.Thread.run(Thread.java:748)
Caused by: org.apache.zeppelin.interpreter.InterpreterNotFoundException: No interpreter is binded to this note: 2FR6PUBSH
	at org.apache.zeppelin.interpreter.InterpreterFactory.getInterpreter(InterpreterFactory.java:60)
	at org.apache.zeppelin.socket.NotebookServer.getEditorSetting(NotebookServer.java:2452)
	... 17 more
 INFO [2020-12-09 23:34:14,038] ({qtp1458849419-18} LocalConfigStorage.java[save]:53) - Save Interpreter Setting to /zeppelin/conf/interpreter.json
 WARN [2020-12-09 23:34:14,083] ({qtp1458849419-18} InterpreterSettingManager.java[compare]:884) - InterpreterGroup sap is not specified in zeppelin.interpreter.group.order
 WARN [2020-12-09 23:34:14,107] ({qtp1458849419-18} InterpreterSettingManager.java[compare]:884) - InterpreterGroup sap is not specified in zeppelin.interpreter.group.order
 WARN [2020-12-09 23:34:14,116] ({qtp1458849419-18} InterpreterSettingManager.java[compare]:890) - InterpreterGroup sap is not specified in zeppelin.interpreter.group.order
 WARN [2020-12-09 23:34:14,124] ({qtp1458849419-18} InterpreterSettingManager.java[compare]:890) - InterpreterGroup sap is not specified in zeppelin.interpreter.group.order
 WARN [2020-12-09 23:34:14,132] ({qtp1458849419-18} InterpreterSettingManager.java[compare]:890) - InterpreterGroup sap is not specified in zeppelin.interpreter.group.order
 INFO [2020-12-09 23:37:39,384] ({Thread-14} ZeppelinServer.java[run]:227) - Shutting down Zeppelin Server ... 
 INFO [2020-12-09 23:37:39,445] ({qtp1458849419-12} NotebookServer.java[onClose]:371) - Closed connection to 172.27.0.1 : 48960. (1005) null
 INFO [2020-12-09 23:37:39,460] ({Thread-14} AbstractConnector.java[doStop]:306) - Stopped ServerConnector@22a736d7{HTTP/1.1}{0.0.0.0:8080}
 INFO [2020-12-09 23:37:39,703] ({Thread-14} ContextHandler.java[doStop]:865) - Stopped o.e.j.w.WebAppContext@70beb599{/,file:/zeppelin/webapps/webapp/,UNAVAILABLE}{/zeppelin/zeppelin-web-0.8.0.war}
 INFO [2020-12-09 23:37:47,652] ({Thread-15} InterpreterSetting.java[close]:483) - Close InterpreterSetting: ignite
 INFO [2020-12-09 23:37:47,653] ({Thread-16} InterpreterSetting.java[close]:483) - Close InterpreterSetting: ignite
 INFO [2020-12-09 23:37:47,721] ({Thread-26} InterpreterSetting.java[close]:483) - Close InterpreterSetting: livy
 INFO [2020-12-09 23:37:47,719] ({Thread-25} InterpreterSetting.java[close]:483) - Close InterpreterSetting: angular
 INFO [2020-12-09 23:37:47,719] ({Thread-23} InterpreterSetting.java[close]:483) - Close InterpreterSetting: flink
 INFO [2020-12-09 23:37:47,664] ({Thread-17} InterpreterSetting.java[close]:483) - Close InterpreterSetting: python
 INFO [2020-12-09 23:37:47,664] ({Thread-22} InterpreterSetting.java[close]:483) - Close InterpreterSetting: pig
 INFO [2020-12-09 23:37:47,663] ({Thread-21} InterpreterSetting.java[close]:483) - Close InterpreterSetting: lens
 INFO [2020-12-09 23:37:47,658] ({Thread-20} InterpreterSetting.java[close]:483) - Close InterpreterSetting: jdbc
 INFO [2020-12-09 23:37:47,656] ({Thread-19} InterpreterSetting.java[close]:483) - Close InterpreterSetting: sap
 INFO [2020-12-09 23:37:47,655] ({Thread-18} InterpreterSetting.java[close]:483) - Close InterpreterSetting: python
 INFO [2020-12-09 23:37:47,763] ({Thread-34} InterpreterSetting.java[close]:483) - Close InterpreterSetting: pig
 INFO [2020-12-09 23:37:47,742] ({Thread-32} InterpreterSetting.java[close]:483) - Close InterpreterSetting: jdbc
 INFO [2020-12-09 23:37:47,741] ({Thread-30} InterpreterSetting.java[close]:483) - Close InterpreterSetting: elasticsearch
 INFO [2020-12-09 23:37:47,741] ({Thread-24} InterpreterSetting.java[close]:483) - Close InterpreterSetting: sap
 INFO [2020-12-09 23:37:47,725] ({Thread-29} InterpreterSetting.java[close]:483) - Close InterpreterSetting: file
 INFO [2020-12-09 23:37:47,815] ({Thread-46} InterpreterSetting.java[close]:483) - Close InterpreterSetting: groovy
 INFO [2020-12-09 23:37:47,724] ({Thread-28} InterpreterSetting.java[close]:483) - Close InterpreterSetting: groovy
 INFO [2020-12-09 23:37:47,723] ({Thread-27} InterpreterSetting.java[close]:483) - Close InterpreterSetting: neo4j
 INFO [2020-12-09 23:37:47,836] ({Thread-52} InterpreterSetting.java[close]:483) - Close InterpreterSetting: md
 INFO [2020-12-09 23:37:47,826] ({Thread-49} InterpreterSetting.java[close]:483) - Close InterpreterSetting: cassandra
 INFO [2020-12-09 23:37:47,826] ({Thread-50} InterpreterSetting.java[close]:483) - Close InterpreterSetting: spark
 INFO [2020-12-09 23:37:47,810] ({Thread-48} InterpreterSetting.java[close]:483) - Close InterpreterSetting: elasticsearch
 INFO [2020-12-09 23:37:47,808] ({Thread-47} InterpreterSetting.java[close]:483) - Close InterpreterSetting: file
 INFO [2020-12-09 23:37:47,806] ({Thread-44} InterpreterSetting.java[close]:483) - Close InterpreterSetting: livy
 INFO [2020-12-09 23:37:47,803] ({Thread-45} InterpreterSetting.java[close]:483) - Close InterpreterSetting: neo4j
 INFO [2020-12-09 23:37:47,802] ({Thread-39} InterpreterSetting.java[close]:483) - Close InterpreterSetting: angular
 INFO [2020-12-09 23:37:47,799] ({Thread-31} InterpreterSetting.java[close]:483) - Close InterpreterSetting: cassandra
 INFO [2020-12-09 23:37:47,799] ({Thread-35} InterpreterSetting.java[close]:483) - Close InterpreterSetting: flink
 INFO [2020-12-09 23:37:47,798] ({Thread-43} InterpreterSetting.java[close]:483) - Close InterpreterSetting: kylin
 INFO [2020-12-09 23:37:47,797] ({Thread-42} InterpreterSetting.java[close]:483) - Close InterpreterSetting: hbase
 INFO [2020-12-09 23:37:47,796] ({Thread-41} InterpreterSetting.java[close]:483) - Close InterpreterSetting: bigquery
 INFO [2020-12-09 23:37:47,794] ({Thread-38} InterpreterSetting.java[close]:483) - Close InterpreterSetting: md
 INFO [2020-12-09 23:37:47,794] ({Thread-40} InterpreterSetting.java[close]:483) - Close InterpreterSetting: alluxio
 INFO [2020-12-09 23:37:47,792] ({Thread-37} InterpreterSetting.java[close]:483) - Close InterpreterSetting: sh
 INFO [2020-12-09 23:37:47,791] ({Thread-36} InterpreterSetting.java[close]:483) - Close InterpreterSetting: spark
 INFO [2020-12-09 23:37:47,768] ({Thread-33} InterpreterSetting.java[close]:483) - Close InterpreterSetting: lens
 INFO [2020-12-09 23:37:47,866] ({Thread-56} InterpreterSetting.java[close]:483) - Close InterpreterSetting: kylin
 INFO [2020-12-09 23:37:47,858] ({Thread-55} InterpreterSetting.java[close]:483) - Close InterpreterSetting: hbase
 INFO [2020-12-09 23:37:47,842] ({Thread-51} InterpreterSetting.java[close]:483) - Close InterpreterSetting: sh
 INFO [2020-12-09 23:37:47,840] ({Thread-53} InterpreterSetting.java[close]:483) - Close InterpreterSetting: alluxio
 INFO [2020-12-09 23:37:47,838] ({Thread-54} InterpreterSetting.java[close]:483) - Close InterpreterSetting: bigquery
 INFO [2020-12-09 23:37:48,035] ({Thread-14} NotebookRepoSync.java[close]:428) - Closing all notebook storages
